<?xml version="1.0" encoding="UTF-8"?>
<testng-results ignored="0" total="6" passed="4" failed="2" skipped="0">
  <reporter-output>
  </reporter-output>
  <suite started-at="2021-06-28T01:33:30 IST" name="Suite" finished-at="2021-06-28T01:34:23 IST" duration-ms="52278">
    <groups>
    </groups>
    <test started-at="2021-06-28T01:33:30 IST" name="Test" finished-at="2021-06-28T01:34:23 IST" duration-ms="52278">
      <class name="org.def.Secondone">
        <test-method is-config="true" signature="launch1()[pri:0, instance:org.def.Secondone@25fb8912]" started-at="2021-06-28T01:33:59 IST" name="launch1" finished-at="2021-06-28T01:34:05 IST" duration-ms="6031" status="PASS">
          <reporter-output>
          </reporter-output>
        </test-method> <!-- launch1 -->
        <test-method signature="testcase1()[pri:0, instance:org.def.Secondone@25fb8912]" started-at="2021-06-28T01:34:05 IST" name="testcase1" finished-at="2021-06-28T01:34:05 IST" duration-ms="12" status="FAIL">
          <exception class="java.lang.AssertionError">
            <full-stacktrace>
              <![CDATA[java.lang.AssertionError
at org.junit.Assert.fail(Assert.java:86)
at org.junit.Assert.assertTrue(Assert.java:41)
at org.junit.Assert.assertTrue(Assert.java:52)
at org.def.Secondone.testcase1(Secondone.java:29)
at java.base/jdk.internal.reflect.NativeMethodAccessorImpl.invoke0(Native Method)
at java.base/jdk.internal.reflect.NativeMethodAccessorImpl.invoke(NativeMethodAccessorImpl.java:64)
at java.base/jdk.internal.reflect.DelegatingMethodAccessorImpl.invoke(DelegatingMethodAccessorImpl.java:43)
at java.base/java.lang.reflect.Method.invoke(Method.java:564)
at org.testng.internal.MethodInvocationHelper.invokeMethod(MethodInvocationHelper.java:133)
at org.testng.internal.TestInvoker.invokeMethod(TestInvoker.java:598)
at org.testng.internal.TestInvoker.invokeTestMethod(TestInvoker.java:173)
at org.testng.internal.MethodRunner.runInSequence(MethodRunner.java:46)
at org.testng.internal.TestInvoker$MethodInvocationAgent.invoke(TestInvoker.java:824)
at org.testng.internal.TestInvoker.invokeTestMethods(TestInvoker.java:146)
at org.testng.internal.TestMethodWorker.invokeTestMethods(TestMethodWorker.java:146)
at org.testng.internal.TestMethodWorker.run(TestMethodWorker.java:128)
at java.base/java.util.ArrayList.forEach(ArrayList.java:1511)
at org.testng.TestRunner.privateRun(TestRunner.java:794)
at org.testng.TestRunner.run(TestRunner.java:596)
at org.testng.SuiteRunner.runTest(SuiteRunner.java:377)
at org.testng.SuiteRunner.runSequentially(SuiteRunner.java:371)
at org.testng.SuiteRunner.privateRun(SuiteRunner.java:332)
at org.testng.SuiteRunner.run(SuiteRunner.java:276)
at org.testng.SuiteRunnerWorker.runSuite(SuiteRunnerWorker.java:53)
at org.testng.SuiteRunnerWorker.run(SuiteRunnerWorker.java:96)
at org.testng.TestNG.runSuitesSequentially(TestNG.java:1212)
at org.testng.TestNG.runSuitesLocally(TestNG.java:1134)
at org.testng.TestNG.runSuites(TestNG.java:1063)
at org.testng.TestNG.run(TestNG.java:1031)
at org.testng.remote.AbstractRemoteTestNG.run(AbstractRemoteTestNG.java:115)
at org.testng.remote.RemoteTestNG.initAndRun(RemoteTestNG.java:251)
at org.testng.remote.RemoteTestNG.main(RemoteTestNG.java:77)
]]>
            </full-stacktrace>
          </exception> <!-- java.lang.AssertionError -->
          <reporter-output>
          </reporter-output>
        </test-method> <!-- testcase1 -->
        <test-method is-config="true" signature="Browserend()[pri:0, instance:org.def.Secondone@25fb8912]" started-at="2021-06-28T01:34:05 IST" name="Browserend" finished-at="2021-06-28T01:34:06 IST" duration-ms="1332" status="PASS">
          <reporter-output>
          </reporter-output>
        </test-method> <!-- Browserend -->
        <test-method is-config="true" signature="launch1()[pri:0, instance:org.def.Secondone@25fb8912]" started-at="2021-06-28T01:34:06 IST" name="launch1" finished-at="2021-06-28T01:34:12 IST" duration-ms="5869" status="PASS">
          <reporter-output>
          </reporter-output>
        </test-method> <!-- launch1 -->
        <test-method signature="testcase3()[pri:0, instance:org.def.Secondone@25fb8912]" started-at="2021-06-28T01:34:12 IST" name="testcase3" finished-at="2021-06-28T01:34:12 IST" duration-ms="4" status="PASS">
          <reporter-output>
          </reporter-output>
        </test-method> <!-- testcase3 -->
        <test-method is-config="true" signature="Browserend()[pri:0, instance:org.def.Secondone@25fb8912]" started-at="2021-06-28T01:34:12 IST" name="Browserend" finished-at="2021-06-28T01:34:13 IST" duration-ms="1237" status="PASS">
          <reporter-output>
          </reporter-output>
        </test-method> <!-- Browserend -->
        <test-method is-config="true" signature="launch1()[pri:0, instance:org.def.Secondone@25fb8912]" started-at="2021-06-28T01:34:13 IST" name="launch1" finished-at="2021-06-28T01:34:21 IST" duration-ms="7795" status="PASS">
          <reporter-output>
          </reporter-output>
        </test-method> <!-- launch1 -->
        <test-method signature="testcase7()[pri:0, instance:org.def.Secondone@25fb8912]" started-at="2021-06-28T01:34:21 IST" name="testcase7" finished-at="2021-06-28T01:34:21 IST" duration-ms="10" status="PASS">
          <reporter-output>
          </reporter-output>
        </test-method> <!-- testcase7 -->
        <test-method is-config="true" signature="Browserend()[pri:0, instance:org.def.Secondone@25fb8912]" started-at="2021-06-28T01:34:21 IST" name="Browserend" finished-at="2021-06-28T01:34:23 IST" duration-ms="1464" status="PASS">
          <reporter-output>
          </reporter-output>
        </test-method> <!-- Browserend -->
      </class> <!-- org.def.Secondone -->
      <class name="org.def.Thirdone">
        <test-method is-config="true" signature="launch1()[pri:0, instance:org.def.Thirdone@4a7f959b]" started-at="2021-06-28T01:33:30 IST" name="launch1" finished-at="2021-06-28T01:33:41 IST" duration-ms="10991" status="PASS">
          <reporter-output>
          </reporter-output>
        </test-method> <!-- launch1 -->
        <test-method signature="testcase2()[pri:0, instance:org.def.Thirdone@4a7f959b]" started-at="2021-06-28T01:33:41 IST" name="testcase2" finished-at="2021-06-28T01:33:42 IST" duration-ms="45" status="PASS">
          <reporter-output>
          </reporter-output>
        </test-method> <!-- testcase2 -->
        <test-method is-config="true" signature="Browserend()[pri:0, instance:org.def.Thirdone@4a7f959b]" started-at="2021-06-28T01:33:42 IST" name="Browserend" finished-at="2021-06-28T01:33:43 IST" duration-ms="1230" status="PASS">
          <reporter-output>
          </reporter-output>
        </test-method> <!-- Browserend -->
        <test-method is-config="true" signature="launch1()[pri:0, instance:org.def.Thirdone@4a7f959b]" started-at="2021-06-28T01:33:43 IST" name="launch1" finished-at="2021-06-28T01:33:50 IST" duration-ms="7062" status="PASS">
          <reporter-output>
          </reporter-output>
        </test-method> <!-- launch1 -->
        <test-method signature="testcase4()[pri:0, instance:org.def.Thirdone@4a7f959b]" started-at="2021-06-28T01:33:50 IST" name="testcase4" finished-at="2021-06-28T01:33:50 IST" duration-ms="11" status="FAIL">
          <exception class="java.lang.AssertionError">
            <full-stacktrace>
              <![CDATA[java.lang.AssertionError
at org.junit.Assert.fail(Assert.java:86)
at org.junit.Assert.assertTrue(Assert.java:41)
at org.junit.Assert.assertTrue(Assert.java:52)
at org.def.Thirdone.testcase4(Thirdone.java:37)
at java.base/jdk.internal.reflect.NativeMethodAccessorImpl.invoke0(Native Method)
at java.base/jdk.internal.reflect.NativeMethodAccessorImpl.invoke(NativeMethodAccessorImpl.java:64)
at java.base/jdk.internal.reflect.DelegatingMethodAccessorImpl.invoke(DelegatingMethodAccessorImpl.java:43)
at java.base/java.lang.reflect.Method.invoke(Method.java:564)
at org.testng.internal.MethodInvocationHelper.invokeMethod(MethodInvocationHelper.java:133)
at org.testng.internal.TestInvoker.invokeMethod(TestInvoker.java:598)
at org.testng.internal.TestInvoker.invokeTestMethod(TestInvoker.java:173)
at org.testng.internal.MethodRunner.runInSequence(MethodRunner.java:46)
at org.testng.internal.TestInvoker$MethodInvocationAgent.invoke(TestInvoker.java:824)
at org.testng.internal.TestInvoker.invokeTestMethods(TestInvoker.java:146)
at org.testng.internal.TestMethodWorker.invokeTestMethods(TestMethodWorker.java:146)
at org.testng.internal.TestMethodWorker.run(TestMethodWorker.java:128)
at java.base/java.util.ArrayList.forEach(ArrayList.java:1511)
at org.testng.TestRunner.privateRun(TestRunner.java:794)
at org.testng.TestRunner.run(TestRunner.java:596)
at org.testng.SuiteRunner.runTest(SuiteRunner.java:377)
at org.testng.SuiteRunner.runSequentially(SuiteRunner.java:371)
at org.testng.SuiteRunner.privateRun(SuiteRunner.java:332)
at org.testng.SuiteRunner.run(SuiteRunner.java:276)
at org.testng.SuiteRunnerWorker.runSuite(SuiteRunnerWorker.java:53)
at org.testng.SuiteRunnerWorker.run(SuiteRunnerWorker.java:96)
at org.testng.TestNG.runSuitesSequentially(TestNG.java:1212)
at org.testng.TestNG.runSuitesLocally(TestNG.java:1134)
at org.testng.TestNG.runSuites(TestNG.java:1063)
at org.testng.TestNG.run(TestNG.java:1031)
at org.testng.remote.AbstractRemoteTestNG.run(AbstractRemoteTestNG.java:115)
at org.testng.remote.RemoteTestNG.initAndRun(RemoteTestNG.java:251)
at org.testng.remote.RemoteTestNG.main(RemoteTestNG.java:77)
]]>
            </full-stacktrace>
          </exception> <!-- java.lang.AssertionError -->
          <reporter-output>
          </reporter-output>
        </test-method> <!-- testcase4 -->
        <test-method is-config="true" signature="Browserend()[pri:0, instance:org.def.Thirdone@4a7f959b]" started-at="2021-06-28T01:33:50 IST" name="Browserend" finished-at="2021-06-28T01:33:51 IST" duration-ms="1580" status="PASS">
          <reporter-output>
          </reporter-output>
        </test-method> <!-- Browserend -->
        <test-method is-config="true" signature="launch1()[pri:0, instance:org.def.Thirdone@4a7f959b]" started-at="2021-06-28T01:33:51 IST" name="launch1" finished-at="2021-06-28T01:33:58 IST" duration-ms="6174" status="PASS">
          <reporter-output>
          </reporter-output>
        </test-method> <!-- launch1 -->
        <test-method signature="testcase6()[pri:0, instance:org.def.Thirdone@4a7f959b]" started-at="2021-06-28T01:33:58 IST" name="testcase6" finished-at="2021-06-28T01:33:58 IST" duration-ms="2" status="PASS">
          <reporter-output>
          </reporter-output>
        </test-method> <!-- testcase6 -->
        <test-method is-config="true" signature="Browserend()[pri:0, instance:org.def.Thirdone@4a7f959b]" started-at="2021-06-28T01:33:58 IST" name="Browserend" finished-at="2021-06-28T01:33:59 IST" duration-ms="1231" status="PASS">
          <reporter-output>
          </reporter-output>
        </test-method> <!-- Browserend -->
      </class> <!-- org.def.Thirdone -->
    </test> <!-- Test -->
  </suite> <!-- Suite -->
</testng-results>
